<?xml version="1.0" encoding="UTF-8"?>
<testsuite xmlns:xsi="http://www.w3.org/2001/XMLSchema-instance" xsi:noNamespaceSchemaLocation="https://maven.apache.org/surefire/maven-surefire-plugin/xsd/surefire-test-report.xsd" version="3.0.1" name="jw.test1_0_1.testcase1_0_1.testcase1Test" time="0.529" tests="1" errors="1" skipped="0" failures="0">
  <properties>
    <property name="java.specification.version" value="17"/>
    <property name="sun.cpu.isalist" value="amd64"/>
    <property name="sun.jnu.encoding" value="Cp1252"/>
    <property name="ci.builder.skip" value="true"/>
    <property name="java.class.path" value="C:\Program Files (x86)\Talend-Studio\studio\workspace\JW-1764819641\JW\poms\jobs\process\test1_0.1\target\test-classes;C:\Program Files (x86)\Talend-Studio\studio\workspace\JW-1764819641\JW\poms\jobs\process\test1_0.1\target\classes;C:\Program Files (x86)\Talend-Studio\studio\configuration\.m2\repository\net\minidev\accessors-smart\2.4.11\accessors-smart-2.4.11.jar;C:\Program Files (x86)\Talend-Studio\studio\configuration\.m2\repository\org\antlr\antlr-runtime\3.5.2\antlr-runtime-3.5.2.jar;C:\Program Files (x86)\Talend-Studio\studio\configuration\.m2\repository\org\ow2\asm\asm\9.5\asm-9.5.jar;C:\Program Files (x86)\Talend-Studio\studio\configuration\.m2\repository\org\talend\daikon\audit-common\1.16.1\audit-common-1.16.1.jar;C:\Program Files (x86)\Talend-Studio\studio\configuration\.m2\repository\org\talend\daikon\audit-log4j2\1.16.1\audit-log4j2-1.16.1.jar;C:\Program Files (x86)\Talend-Studio\studio\configuration\.m2\repository\org\apache\commons\commons-lang3\3.10\commons-lang3-3.10.jar;C:\Program Files (x86)\Talend-Studio\studio\configuration\.m2\repository\org\talend\daikon\crypto-utils\7.1.20\crypto-utils-7.1.20.jar;C:\Program Files (x86)\Talend-Studio\studio\configuration\.m2\repository\org\dom4j\dom4j\2.1.3\dom4j-2.1.3.jar;C:\Program Files (x86)\Talend-Studio\studio\configuration\.m2\repository\org\hamcrest\hamcrest-core\1.3\hamcrest-core-1.3.jar;C:\Program Files (x86)\Talend-Studio\studio\configuration\.m2\repository\org\javassist\javassist\3.30.2-GA\javassist-3.30.2-GA.jar;C:\Program Files (x86)\Talend-Studio\studio\configuration\.m2\repository\org\jboss\marshalling\jboss-marshalling\2.0.12.Final\jboss-marshalling-2.0.12.Final.jar;C:\Program Files (x86)\Talend-Studio\studio\configuration\.m2\repository\org\talend\components\lib\job-audit\1.5\job-audit-1.5.jar;C:\Program Files (x86)\Talend-Studio\studio\configuration\.m2\repository\net\minidev\json-smart\2.4.11\json-smart-2.4.11.jar;C:\Program Files (x86)\Talend-Studio\studio\configuration\.m2\repository\junit\junit\4.13.2\junit-4.13.2.jar;C:\Program Files (x86)\Talend-Studio\studio\configuration\.m2\repository\org\apache\logging\log4j\log4j-api\2.17.1\log4j-api-2.17.1.jar;C:\Program Files (x86)\Talend-Studio\studio\configuration\.m2\repository\org\apache\logging\log4j\log4j-core\2.17.1\log4j-core-2.17.1.jar;C:\Program Files (x86)\Talend-Studio\studio\configuration\.m2\repository\org\apache\logging\log4j\log4j-layout-template-json\2.17.1\log4j-layout-template-json-2.17.1.jar;C:\Program Files (x86)\Talend-Studio\studio\configuration\.m2\repository\org\apache\logging\log4j\log4j-slf4j2-impl\2.19.0\log4j-slf4j2-impl-2.19.0.jar;C:\Program Files (x86)\Talend-Studio\studio\configuration\.m2\repository\org\talend\daikon\logging-event-layout\1.16.1\logging-event-layout-1.16.1.jar;C:\Program Files (x86)\Talend-Studio\studio\configuration\.m2\repository\org\talend\libraries\org.talend.dataquality.parser\8.0.1\org.talend.dataquality.parser-8.0.1.jar;C:\Program Files (x86)\Talend-Studio\studio\configuration\.m2\repository\org\slf4j\slf4j-api\2.0.16\slf4j-api-2.0.16.jar;C:\Program Files (x86)\Talend-Studio\studio\configuration\.m2\repository\org\talend\system-routines\8.0.1\system-routines-8.0.1.jar;C:\Program Files (x86)\Talend-Studio\studio\configuration\.m2\repository\org\talend\system-routines-dq\8.0.1\system-routines-dq-8.0.1.jar;C:\Program Files (x86)\Talend-Studio\studio\configuration\.m2\repository\org\talend\metrics\talendCBP\1.1.5\talendCBP-1.1.5.jar;C:\Program Files (x86)\Talend-Studio\studio\configuration\.m2\repository\org\talend\components\talend_file_enhanced\1.3.1\talend_file_enhanced-1.3.1.jar;C:\Program Files (x86)\Talend-Studio\studio\configuration\.m2\repository\org\talend\metrics\talendagent\1.0.2\talendagent-1.0.2.jar;C:\Program Files (x86)\Talend-Studio\studio\configuration\.m2\repository\org\talend\metrics\talendboot\1.0.9\talendboot-1.0.9.jar;C:\Program Files (x86)\Talend-Studio\studio\configuration\.m2\repository\org\talend\components\talendcsv\1.1.0\talendcsv-1.1.0.jar;C:\Program Files (x86)\Talend-Studio\studio\configuration\.m2\repository\org\example\jw\code\routines\8.0.1\routines-8.0.1.jar;C:\Program Files (x86)\Talend-Studio\studio\configuration\.m2\repository\org\apache\logging\log4j\log4j-slf4j-impl\2.17.1\log4j-slf4j-impl-2.17.1.jar;"/>
    <property name="java.vm.vendor" value="Azul Systems, Inc."/>
    <property name="sun.arch.data.model" value="64"/>
    <property name="user.variant" value=""/>
    <property name="java.vendor.url" value="http://www.azul.com/"/>
    <property name="user.timezone" value="Asia/Singapore"/>
    <property name="os.name" value="Windows 10"/>
    <property name="java.vm.specification.version" value="17"/>
    <property name="sun.java.launcher" value="SUN_STANDARD"/>
    <property name="user.country" value="SG"/>
    <property name="sun.boot.library.path" value="C:\Program Files (x86)\Talend-Studio\zulu17.48.15-ca-jdk17.0.10-win_x64\bin"/>
    <property name="sun.java.command" value="C:\Users\jinwee\AppData\Local\Temp\surefire403182495718426169\surefirebooter-20250609115254965_3.jar C:\Users\jinwee\AppData\Local\Temp\surefire403182495718426169 2025-06-09T11-52-54_816-jvmRun1 surefire-20250609115254965_1tmp surefire_0-20250609115254965_2tmp"/>
    <property name="jdk.debug" value="release"/>
    <property name="surefire.test.class.path" value="C:\Program Files (x86)\Talend-Studio\studio\workspace\JW-1764819641\JW\poms\jobs\process\test1_0.1\target\test-classes;C:\Program Files (x86)\Talend-Studio\studio\workspace\JW-1764819641\JW\poms\jobs\process\test1_0.1\target\classes;C:\Program Files (x86)\Talend-Studio\studio\configuration\.m2\repository\net\minidev\accessors-smart\2.4.11\accessors-smart-2.4.11.jar;C:\Program Files (x86)\Talend-Studio\studio\configuration\.m2\repository\org\antlr\antlr-runtime\3.5.2\antlr-runtime-3.5.2.jar;C:\Program Files (x86)\Talend-Studio\studio\configuration\.m2\repository\org\ow2\asm\asm\9.5\asm-9.5.jar;C:\Program Files (x86)\Talend-Studio\studio\configuration\.m2\repository\org\talend\daikon\audit-common\1.16.1\audit-common-1.16.1.jar;C:\Program Files (x86)\Talend-Studio\studio\configuration\.m2\repository\org\talend\daikon\audit-log4j2\1.16.1\audit-log4j2-1.16.1.jar;C:\Program Files (x86)\Talend-Studio\studio\configuration\.m2\repository\org\apache\commons\commons-lang3\3.10\commons-lang3-3.10.jar;C:\Program Files (x86)\Talend-Studio\studio\configuration\.m2\repository\org\talend\daikon\crypto-utils\7.1.20\crypto-utils-7.1.20.jar;C:\Program Files (x86)\Talend-Studio\studio\configuration\.m2\repository\org\dom4j\dom4j\2.1.3\dom4j-2.1.3.jar;C:\Program Files (x86)\Talend-Studio\studio\configuration\.m2\repository\org\hamcrest\hamcrest-core\1.3\hamcrest-core-1.3.jar;C:\Program Files (x86)\Talend-Studio\studio\configuration\.m2\repository\org\javassist\javassist\3.30.2-GA\javassist-3.30.2-GA.jar;C:\Program Files (x86)\Talend-Studio\studio\configuration\.m2\repository\org\jboss\marshalling\jboss-marshalling\2.0.12.Final\jboss-marshalling-2.0.12.Final.jar;C:\Program Files (x86)\Talend-Studio\studio\configuration\.m2\repository\org\talend\components\lib\job-audit\1.5\job-audit-1.5.jar;C:\Program Files (x86)\Talend-Studio\studio\configuration\.m2\repository\net\minidev\json-smart\2.4.11\json-smart-2.4.11.jar;C:\Program Files (x86)\Talend-Studio\studio\configuration\.m2\repository\junit\junit\4.13.2\junit-4.13.2.jar;C:\Program Files (x86)\Talend-Studio\studio\configuration\.m2\repository\org\apache\logging\log4j\log4j-api\2.17.1\log4j-api-2.17.1.jar;C:\Program Files (x86)\Talend-Studio\studio\configuration\.m2\repository\org\apache\logging\log4j\log4j-core\2.17.1\log4j-core-2.17.1.jar;C:\Program Files (x86)\Talend-Studio\studio\configuration\.m2\repository\org\apache\logging\log4j\log4j-layout-template-json\2.17.1\log4j-layout-template-json-2.17.1.jar;C:\Program Files (x86)\Talend-Studio\studio\configuration\.m2\repository\org\apache\logging\log4j\log4j-slf4j2-impl\2.19.0\log4j-slf4j2-impl-2.19.0.jar;C:\Program Files (x86)\Talend-Studio\studio\configuration\.m2\repository\org\talend\daikon\logging-event-layout\1.16.1\logging-event-layout-1.16.1.jar;C:\Program Files (x86)\Talend-Studio\studio\configuration\.m2\repository\org\talend\libraries\org.talend.dataquality.parser\8.0.1\org.talend.dataquality.parser-8.0.1.jar;C:\Program Files (x86)\Talend-Studio\studio\configuration\.m2\repository\org\slf4j\slf4j-api\2.0.16\slf4j-api-2.0.16.jar;C:\Program Files (x86)\Talend-Studio\studio\configuration\.m2\repository\org\talend\system-routines\8.0.1\system-routines-8.0.1.jar;C:\Program Files (x86)\Talend-Studio\studio\configuration\.m2\repository\org\talend\system-routines-dq\8.0.1\system-routines-dq-8.0.1.jar;C:\Program Files (x86)\Talend-Studio\studio\configuration\.m2\repository\org\talend\metrics\talendCBP\1.1.5\talendCBP-1.1.5.jar;C:\Program Files (x86)\Talend-Studio\studio\configuration\.m2\repository\org\talend\components\talend_file_enhanced\1.3.1\talend_file_enhanced-1.3.1.jar;C:\Program Files (x86)\Talend-Studio\studio\configuration\.m2\repository\org\talend\metrics\talendagent\1.0.2\talendagent-1.0.2.jar;C:\Program Files (x86)\Talend-Studio\studio\configuration\.m2\repository\org\talend\metrics\talendboot\1.0.9\talendboot-1.0.9.jar;C:\Program Files (x86)\Talend-Studio\studio\configuration\.m2\repository\org\talend\components\talendcsv\1.1.0\talendcsv-1.1.0.jar;C:\Program Files (x86)\Talend-Studio\studio\configuration\.m2\repository\org\example\jw\code\routines\8.0.1\routines-8.0.1.jar;C:\Program Files (x86)\Talend-Studio\studio\configuration\.m2\repository\org\apache\logging\log4j\log4j-slf4j-impl\2.17.1\log4j-slf4j-impl-2.17.1.jar;"/>
    <property name="sun.cpu.endian" value="little"/>
    <property name="user.home" value="C:\Users\jinwee"/>
    <property name="user.language" value="en"/>
    <property name="java.specification.vendor" value="Oracle Corporation"/>
    <property name="java.version.date" value="2024-01-16"/>
    <property name="java.home" value="C:\Program Files (x86)\Talend-Studio\zulu17.48.15-ca-jdk17.0.10-win_x64"/>
    <property name="file.separator" value="\"/>
    <property name="basedir" value="C:\Program Files (x86)\Talend-Studio\studio\workspace\JW-1764819641\JW\poms\jobs\process\test1_0.1"/>
    <property name="java.vm.compressedOopsMode" value="Zero based"/>
    <property name="line.separator" value="&#10;"/>
    <property name="java.vm.specification.vendor" value="Oracle Corporation"/>
    <property name="java.specification.name" value="Java Platform API Specification"/>
    <property name="surefire.real.class.path" value="C:\Users\jinwee\AppData\Local\Temp\surefire403182495718426169\surefirebooter-20250609115254965_3.jar"/>
    <property name="user.script" value=""/>
    <property name="sun.management.compiler" value="HotSpot 64-Bit Tiered Compilers"/>
    <property name="java.runtime.version" value="17.0.10+7-LTS"/>
    <property name="user.name" value="Jinwee"/>
    <property name="path.separator" value=";"/>
    <property name="os.version" value="10.0"/>
    <property name="java.runtime.name" value="OpenJDK Runtime Environment"/>
    <property name="file.encoding" value="Cp1252"/>
    <property name="java.vm.name" value="OpenJDK 64-Bit Server VM"/>
    <property name="java.vendor.version" value="Zulu17.48+15-CA"/>
    <property name="license.path" value="C:\Program Files (x86)\Talend-Studio\studio\license"/>
    <property name="localRepository" value="C:\Program Files (x86)\Talend-Studio\studio\configuration\.m2\repository"/>
    <property name="java.vendor.url.bug" value="http://www.azul.com/support/"/>
    <property name="java.io.tmpdir" value="C:\Users\jinwee\AppData\Local\Temp\"/>
    <property name="java.version" value="17.0.10"/>
    <property name="user.dir" value="C:\Program Files (x86)\Talend-Studio\studio\workspace\JW-1764819641\JW\poms\jobs\process\test1_0.1"/>
    <property name="os.arch" value="amd64"/>
    <property name="java.vm.specification.name" value="Java Virtual Machine Specification"/>
    <property name="sun.os.patch.level" value=""/>
    <property name="native.encoding" value="Cp1252"/>
    <property name="java.library.path" value="C:\Program Files (x86)\Talend-Studio\zulu17.48.15-ca-jdk17.0.10-win_x64\bin;C:\Windows\Sun\Java\bin;C:\Windows\system32;C:\Windows;C:/Program Files (x86)/Talend-Studio/zulu17.48.15-ca-jdk17.0.10-win_x64/bin/server;C:/Program Files (x86)/Talend-Studio/zulu17.48.15-ca-jdk17.0.10-win_x64/bin;C:\Program Files\Zulu\zulu-17\bin\;C:\Program Files\Zulu\zulu-17\\bin;C:\Program Files (x86)\Common Files\Oracle\Java\javapath;C:\Windows\system32;C:\Windows;C:\Windows\System32\Wbem;C:\Windows\System32\WindowsPowerShell\v1.0\;C:\Windows\System32\OpenSSH\;C:\Program Files\IBM\SPSS\Modeler\18.3\ext\bin\spss.TMWBServer\bin;C:\Program Files\Azure Data Studio\bin;C:\Program Files (x86)\Microsoft SQL Server\160\Tools\Binn\;C:\Program Files\Microsoft SQL Server\160\Tools\Binn\;C:\Program Files\Microsoft SQL Server\Client SDK\ODBC\170\Tools\Binn\;C:\Program Files\Microsoft SQL Server\160\DTS\Binn\;C:\Program Files\Microsoft SQL Server\150\Tools\Binn\;C:\Program Files\dotnet\;C:\Program Files (x86)\Microsoft SQL Server\110\Tools\Binn\ManagementStudio\;C:\Program Files (x86)\Microsoft SQL Server\110\Tools\Binn\;C:\Program Files\Microsoft SQL Server\110\Tools\Binn\;C:\Program Files (x86)\Microsoft SQL Server\110\DTS\Binn\;C:\Program Files\Microsoft SQL Server\110\DTS\Binn\;C:\Users\jinwee\AppData\Local\Microsoft\WindowsApps;;C:\Program Files (x86)\Talend-Studio\studio;;."/>
    <property name="java.vm.info" value="mixed mode, sharing"/>
    <property name="java.vendor" value="Azul Systems, Inc."/>
    <property name="java.vm.version" value="17.0.10+7-LTS"/>
    <property name="sun.io.unicode.encoding" value="UnicodeLittle"/>
    <property name="java.class.version" value="61.0"/>
    <property name="session.id" value="NDUxOTQ4MTc0OTQ0MTE2ODAxNA=="/>
  </properties>
  <testcase name="testDefault" classname="jw.test1_0_1.testcase1_0_1.testcase1Test" time="0.482">
    <error type="java.io.FileNotFoundException"><![CDATA[java.io.FileNotFoundException: 
	at java.base/java.io.FileInputStream.open0(Native Method)
	at java.base/java.io.FileInputStream.open(FileInputStream.java:216)
	at java.base/java.io.FileInputStream.<init>(FileInputStream.java:157)
	at java.base/java.io.FileInputStream.<init>(FileInputStream.java:111)
	at jw.test1_0_1.testcase1_0_1.testcase1Test.tFileCompare_1Process(testcase1Test.java:2164)
	at jw.test1_0_1.testcase1_0_1.testcase1Test.tFileInputDelimited_1Process(testcase1Test.java:2002)
	at jw.test1_0_1.testcase1_0_1.testcase1Test.tCreateTemporaryFile_1Process(testcase1Test.java:690)
	at jw.test1_0_1.testcase1_0_1.testcase1Test.runJobInTOS(testcase1Test.java:3062)
	at jw.test1_0_1.testcase1_0_1.testcase1Test.testDefault(testcase1Test.java:2732)
	at java.base/jdk.internal.reflect.NativeMethodAccessorImpl.invoke0(Native Method)
	at java.base/jdk.internal.reflect.NativeMethodAccessorImpl.invoke(NativeMethodAccessorImpl.java:77)
	at java.base/jdk.internal.reflect.DelegatingMethodAccessorImpl.invoke(DelegatingMethodAccessorImpl.java:43)
	at java.base/java.lang.reflect.Method.invoke(Method.java:568)
	at org.junit.runners.model.FrameworkMethod$1.runReflectiveCall(FrameworkMethod.java:59)
	at org.junit.internal.runners.model.ReflectiveCallable.run(ReflectiveCallable.java:12)
	at org.junit.runners.model.FrameworkMethod.invokeExplosively(FrameworkMethod.java:56)
	at org.junit.internal.runners.statements.InvokeMethod.evaluate(InvokeMethod.java:17)
	at org.junit.runners.ParentRunner$3.evaluate(ParentRunner.java:306)
	at org.junit.runners.BlockJUnit4ClassRunner$1.evaluate(BlockJUnit4ClassRunner.java:100)
	at org.junit.runners.ParentRunner.runLeaf(ParentRunner.java:366)
	at org.junit.runners.BlockJUnit4ClassRunner.runChild(BlockJUnit4ClassRunner.java:103)
	at org.junit.runners.BlockJUnit4ClassRunner.runChild(BlockJUnit4ClassRunner.java:63)
	at org.junit.runners.ParentRunner$4.run(ParentRunner.java:331)
	at org.junit.runners.ParentRunner$1.schedule(ParentRunner.java:79)
	at org.junit.runners.ParentRunner.runChildren(ParentRunner.java:329)
	at org.junit.runners.ParentRunner.access$100(ParentRunner.java:66)
	at org.junit.runners.ParentRunner$2.evaluate(ParentRunner.java:293)
	at org.junit.runners.ParentRunner$3.evaluate(ParentRunner.java:306)
	at org.junit.runners.ParentRunner.run(ParentRunner.java:413)
	at org.apache.maven.surefire.junit4.JUnit4Provider.execute(JUnit4Provider.java:316)
	at org.apache.maven.surefire.junit4.JUnit4Provider.executeWithRerun(JUnit4Provider.java:240)
	at org.apache.maven.surefire.junit4.JUnit4Provider.executeTestSet(JUnit4Provider.java:214)
	at org.apache.maven.surefire.junit4.JUnit4Provider.invoke(JUnit4Provider.java:155)
	at org.apache.maven.surefire.booter.ForkedBooter.runSuitesInProcess(ForkedBooter.java:385)
	at org.apache.maven.surefire.booter.ForkedBooter.execute(ForkedBooter.java:162)
	at org.apache.maven.surefire.booter.ForkedBooter.run(ForkedBooter.java:507)
	at org.apache.maven.surefire.booter.ForkedBooter.main(ForkedBooter.java:495)
]]></error>
    <system-out><![CDATA[[ERROR] 11:52:56 jw.test1_0_1.testcase1_0_1.testcase1Test- tFileInputDelimited_1 -  (The system cannot find the path specified)
[FATAL] 11:52:56 jw.test1_0_1.testcase1_0_1.testcase1Test- tFileCompare_1 
java.io.FileNotFoundException: 
	at java.io.FileInputStream.open0(Native Method) ~[?:?]
	at java.io.FileInputStream.open(FileInputStream.java:216) ~[?:?]
	at java.io.FileInputStream.<init>(FileInputStream.java:157) ~[?:?]
	at java.io.FileInputStream.<init>(FileInputStream.java:111) ~[?:?]
	at jw.test1_0_1.testcase1_0_1.testcase1Test.tFileCompare_1Process(testcase1Test.java:2164) [test-classes/:?]
	at jw.test1_0_1.testcase1_0_1.testcase1Test.tFileInputDelimited_1Process(testcase1Test.java:2002) [test-classes/:?]
	at jw.test1_0_1.testcase1_0_1.testcase1Test.tCreateTemporaryFile_1Process(testcase1Test.java:690) [test-classes/:?]
	at jw.test1_0_1.testcase1_0_1.testcase1Test.runJobInTOS(testcase1Test.java:3062) [test-classes/:?]
	at jw.test1_0_1.testcase1_0_1.testcase1Test.testDefault(testcase1Test.java:2732) [test-classes/:?]
	at jdk.internal.reflect.NativeMethodAccessorImpl.invoke0(Native Method) ~[?:?]
	at jdk.internal.reflect.NativeMethodAccessorImpl.invoke(NativeMethodAccessorImpl.java:77) ~[?:?]
	at jdk.internal.reflect.DelegatingMethodAccessorImpl.invoke(DelegatingMethodAccessorImpl.java:43) ~[?:?]
	at java.lang.reflect.Method.invoke(Method.java:568) ~[?:?]
	at org.junit.runners.model.FrameworkMethod$1.runReflectiveCall(FrameworkMethod.java:59) [junit-4.13.2.jar:4.13.2]
	at org.junit.internal.runners.model.ReflectiveCallable.run(ReflectiveCallable.java:12) [junit-4.13.2.jar:4.13.2]
	at org.junit.runners.model.FrameworkMethod.invokeExplosively(FrameworkMethod.java:56) [junit-4.13.2.jar:4.13.2]
	at org.junit.internal.runners.statements.InvokeMethod.evaluate(InvokeMethod.java:17) [junit-4.13.2.jar:4.13.2]
	at org.junit.runners.ParentRunner$3.evaluate(ParentRunner.java:306) [junit-4.13.2.jar:4.13.2]
	at org.junit.runners.BlockJUnit4ClassRunner$1.evaluate(BlockJUnit4ClassRunner.java:100) [junit-4.13.2.jar:4.13.2]
	at org.junit.runners.ParentRunner.runLeaf(ParentRunner.java:366) [junit-4.13.2.jar:4.13.2]
	at org.junit.runners.BlockJUnit4ClassRunner.runChild(BlockJUnit4ClassRunner.java:103) [junit-4.13.2.jar:4.13.2]
	at org.junit.runners.BlockJUnit4ClassRunner.runChild(BlockJUnit4ClassRunner.java:63) [junit-4.13.2.jar:4.13.2]
	at org.junit.runners.ParentRunner$4.run(ParentRunner.java:331) [junit-4.13.2.jar:4.13.2]
	at org.junit.runners.ParentRunner$1.schedule(ParentRunner.java:79) [junit-4.13.2.jar:4.13.2]
	at org.junit.runners.ParentRunner.runChildren(ParentRunner.java:329) [junit-4.13.2.jar:4.13.2]
	at org.junit.runners.ParentRunner.access$100(ParentRunner.java:66) [junit-4.13.2.jar:4.13.2]
	at org.junit.runners.ParentRunner$2.evaluate(ParentRunner.java:293) [junit-4.13.2.jar:4.13.2]
	at org.junit.runners.ParentRunner$3.evaluate(ParentRunner.java:306) [junit-4.13.2.jar:4.13.2]
	at org.junit.runners.ParentRunner.run(ParentRunner.java:413) [junit-4.13.2.jar:4.13.2]
	at org.apache.maven.surefire.junit4.JUnit4Provider.execute(JUnit4Provider.java:316) [surefire-junit4-3.3.0.jar:3.3.0]
	at org.apache.maven.surefire.junit4.JUnit4Provider.executeWithRerun(JUnit4Provider.java:240) [surefire-junit4-3.3.0.jar:3.3.0]
	at org.apache.maven.surefire.junit4.JUnit4Provider.executeTestSet(JUnit4Provider.java:214) [surefire-junit4-3.3.0.jar:3.3.0]
	at org.apache.maven.surefire.junit4.JUnit4Provider.invoke(JUnit4Provider.java:155) [surefire-junit4-3.3.0.jar:3.3.0]
	at org.apache.maven.surefire.booter.ForkedBooter.runSuitesInProcess(ForkedBooter.java:385) [surefire-booter-3.3.0.jar:3.3.0]
	at org.apache.maven.surefire.booter.ForkedBooter.execute(ForkedBooter.java:162) [surefire-booter-3.3.0.jar:3.3.0]
	at org.apache.maven.surefire.booter.ForkedBooter.run(ForkedBooter.java:507) [surefire-booter-3.3.0.jar:3.3.0]
	at org.apache.maven.surefire.booter.ForkedBooter.main(ForkedBooter.java:495) [surefire-booter-3.3.0.jar:3.3.0]
]]></system-out>
    <system-err><![CDATA[ (The system cannot find the path specified)
Exception in component tFileCompare_1 (testcase1)
java.io.FileNotFoundException: 
	at java.base/java.io.FileInputStream.open0(Native Method)
	at java.base/java.io.FileInputStream.open(FileInputStream.java:216)
	at java.base/java.io.FileInputStream.<init>(FileInputStream.java:157)
	at java.base/java.io.FileInputStream.<init>(FileInputStream.java:111)
	at jw.test1_0_1.testcase1_0_1.testcase1Test.tFileCompare_1Process(testcase1Test.java:2164)
	at jw.test1_0_1.testcase1_0_1.testcase1Test.tFileInputDelimited_1Process(testcase1Test.java:2002)
	at jw.test1_0_1.testcase1_0_1.testcase1Test.tCreateTemporaryFile_1Process(testcase1Test.java:690)
	at jw.test1_0_1.testcase1_0_1.testcase1Test.runJobInTOS(testcase1Test.java:3062)
	at jw.test1_0_1.testcase1_0_1.testcase1Test.testDefault(testcase1Test.java:2732)
	at java.base/jdk.internal.reflect.NativeMethodAccessorImpl.invoke0(Native Method)
	at java.base/jdk.internal.reflect.NativeMethodAccessorImpl.invoke(NativeMethodAccessorImpl.java:77)
	at java.base/jdk.internal.reflect.DelegatingMethodAccessorImpl.invoke(DelegatingMethodAccessorImpl.java:43)
	at java.base/java.lang.reflect.Method.invoke(Method.java:568)
	at org.junit.runners.model.FrameworkMethod$1.runReflectiveCall(FrameworkMethod.java:59)
	at org.junit.internal.runners.model.ReflectiveCallable.run(ReflectiveCallable.java:12)
	at org.junit.runners.model.FrameworkMethod.invokeExplosively(FrameworkMethod.java:56)
	at org.junit.internal.runners.statements.InvokeMethod.evaluate(InvokeMethod.java:17)
	at org.junit.runners.ParentRunner$3.evaluate(ParentRunner.java:306)
	at org.junit.runners.BlockJUnit4ClassRunner$1.evaluate(BlockJUnit4ClassRunner.java:100)
	at org.junit.runners.ParentRunner.runLeaf(ParentRunner.java:366)
	at org.junit.runners.BlockJUnit4ClassRunner.runChild(BlockJUnit4ClassRunner.java:103)
	at org.junit.runners.BlockJUnit4ClassRunner.runChild(BlockJUnit4ClassRunner.java:63)
	at org.junit.runners.ParentRunner$4.run(ParentRunner.java:331)
	at org.junit.runners.ParentRunner$1.schedule(ParentRunner.java:79)
	at org.junit.runners.ParentRunner.runChildren(ParentRunner.java:329)
	at org.junit.runners.ParentRunner.access$100(ParentRunner.java:66)
	at org.junit.runners.ParentRunner$2.evaluate(ParentRunner.java:293)
	at org.junit.runners.ParentRunner$3.evaluate(ParentRunner.java:306)
	at org.junit.runners.ParentRunner.run(ParentRunner.java:413)
	at org.apache.maven.surefire.junit4.JUnit4Provider.execute(JUnit4Provider.java:316)
	at org.apache.maven.surefire.junit4.JUnit4Provider.executeWithRerun(JUnit4Provider.java:240)
	at org.apache.maven.surefire.junit4.JUnit4Provider.executeTestSet(JUnit4Provider.java:214)
	at org.apache.maven.surefire.junit4.JUnit4Provider.invoke(JUnit4Provider.java:155)
	at org.apache.maven.surefire.booter.ForkedBooter.runSuitesInProcess(ForkedBooter.java:385)
	at org.apache.maven.surefire.booter.ForkedBooter.execute(ForkedBooter.java:162)
	at org.apache.maven.surefire.booter.ForkedBooter.run(ForkedBooter.java:507)
	at org.apache.maven.surefire.booter.ForkedBooter.main(ForkedBooter.java:495)
]]></system-err>
  </testcase>
</testsuite>